<?xml version="1.0" encoding="UTF-8"?>
<testng-results skipped="0" failed="0" ignored="0" total="1" passed="1">
  <reporter-output>
  </reporter-output>
  <suite name="Suite2" duration-ms="13101" started-at="2023-06-05T17:24:26 IST" finished-at="2023-06-05T17:24:39 IST">
    <groups>
    </groups>
    <test name="Test2" duration-ms="13101" started-at="2023-06-05T17:24:26 IST" finished-at="2023-06-05T17:24:39 IST">
      <class name="Test.NewTestMemberSearch">
        <test-method status="PASS" signature="findMember()[pri:0, instance:Test.NewTestMemberSearch@1d8d30f7]" name="findMember" duration-ms="13060" started-at="2023-06-05T17:24:26 IST" finished-at="2023-06-05T17:24:39 IST">
          <reporter-output>
          </reporter-output>
        </test-method> <!-- findMember -->
      </class> <!-- Test.NewTestMemberSearch -->
    </test> <!-- Test2 -->
  </suite> <!-- Suite2 -->
</testng-results>
